#
# There is insufficient memory for the Java Runtime Environment to continue.
# Native memory allocation (malloc) failed to allocate 32744 bytes for Chunk::new
# Possible reasons:
#   The system is out of physical RAM or swap space
#   The process is running with CompressedOops enabled, and the Java Heap may be blocking the growth of the native heap
# Possible solutions:
#   Reduce memory load on the system
#   Increase physical memory or swap space
#   Check if swap backing store is full
#   Decrease Java heap size (-Xmx/-Xms)
#   Decrease number of Java threads
#   Decrease Java thread stack sizes (-Xss)
#   Set larger code cache with -XX:ReservedCodeCacheSize=
#   JVM is running with Zero Based Compressed Oops mode in which the Java heap is
#     placed in the first 32GB address space. The Java Heap base address is the
#     maximum limit for the native heap growth. Please use -XX:HeapBaseMinAddress
#     to set the Java Heap base and to place the Java Heap above 32GB virtual address.
# This output file may be truncated or incomplete.
#
#  Out of Memory Error (arena.cpp:184), pid=21280, tid=3628
#
# JRE version: Java(TM) SE Runtime Environment (20.0.1+9) (build 20.0.1+9-29)
# Java VM: Java HotSpot(TM) 64-Bit Server VM (20.0.1+9-29, mixed mode, sharing, tiered, compressed oops, compressed class ptrs, g1 gc, windows-amd64)
# No core dump will be written. Minidumps are not enabled by default on client versions of Windows
#

---------------  S U M M A R Y ------------

Command Line: -Dfile.encoding=UTF-8 --module-path=C:\Users\Zai\NetBeansProjects\GymProject\build\classes Application.Member

Host: AMD Ryzen 7 4800H with Radeon Graphics         , 16 cores, 15G,  Windows 11 , 64 bit Build 22621 (10.0.22621.2215)
Time: Wed Sep 27 11:37:14 2023 SE Asia Standard Time elapsed time: 3689.159100 seconds (0d 1h 1m 29s)

---------------  T H R E A D  ---------------

Current thread (0x0000023299f98bb0):  JavaThread "C2 CompilerThread0" daemon [_thread_in_native, id=3628, stack(0x000000681b400000,0x000000681b500000)]


Current CompileTask:
C2:3689159 4182   !   4       java.util.jar.JarFile::checkForSpecialAttributes (163 bytes)

Stack: [0x000000681b400000,0x000000681b500000]
Native frames: (J=compiled Java code, j=interpreted, Vv=VM code, C=native code)
V  [jvm.dll+0x6bb95a]
V  [jvm.dll+0x8485fa]
V  [jvm.dll+0x84a1f5]
V  [jvm.dll+0x84a8f3]
V  [jvm.dll+0x280b0f]
V  [jvm.dll+0xc2b11]
V  [jvm.dll+0xc2e35]
V  [jvm.dll+0x65b9fa]
V  [jvm.dll+0x2f4575]
V  [jvm.dll+0x6cb52f]
V  [jvm.dll+0x6cbcae]
V  [jvm.dll+0x6cb2f1]
V  [jvm.dll+0x6c94f4]
V  [jvm.dll+0x1d169c]
V  [jvm.dll+0x24a203]
V  [jvm.dll+0x1ce491]
V  [jvm.dll+0x259e1b]
V  [jvm.dll+0x2584f0]
V  [jvm.dll+0x3f2895]
V  [jvm.dll+0x7f4b56]
V  [jvm.dll+0x6ba5cb]
C  [ucrtbase.dll+0x29363]
C  [KERNEL32.DLL+0x1257d]
C  [ntdll.dll+0x5aa68]


---------------  P R O C E S S  ---------------

Threads class SMR info:
_java_thread_list=0x000002329f706490, length=18, elements={
0x0000023299f931e0, 0x0000023299f93de0, 0x0000023299f949e0, 0x0000023299f96330,
0x0000023299f97a20, 0x0000023299f9b520, 0x0000023299f98bb0, 0x0000023299faa100,
0x0000023299f9bfc0, 0x0000023299f9c510, 0x0000023299f9a530, 0x0000023299f9ba70,
0x0000023299f9da50, 0x0000023299f9aa80, 0x0000023299f9afd0, 0x00000232a41e6460,
0x00000232a41e59c0, 0x00000232a41e3490
}

Java Threads: ( => current thread )
  0x0000023299f931e0 JavaThread "Reference Handler" daemon [_thread_blocked, id=26680, stack(0x000000681ae00000,0x000000681af00000)]
  0x0000023299f93de0 JavaThread "Finalizer" daemon [_thread_blocked, id=20156, stack(0x000000681af00000,0x000000681b000000)]
  0x0000023299f949e0 JavaThread "Signal Dispatcher" daemon [_thread_blocked, id=26076, stack(0x000000681b000000,0x000000681b100000)]
  0x0000023299f96330 JavaThread "Attach Listener" daemon [_thread_blocked, id=12540, stack(0x000000681b100000,0x000000681b200000)]
  0x0000023299f97a20 JavaThread "Service Thread" daemon [_thread_blocked, id=28816, stack(0x000000681b200000,0x000000681b300000)]
  0x0000023299f9b520 JavaThread "Monitor Deflation Thread" daemon [_thread_blocked, id=31196, stack(0x000000681b300000,0x000000681b400000)]
=>0x0000023299f98bb0 JavaThread "C2 CompilerThread0" daemon [_thread_in_native, id=3628, stack(0x000000681b400000,0x000000681b500000)]
  0x0000023299faa100 JavaThread "C1 CompilerThread0" daemon [_thread_blocked, id=13400, stack(0x000000681b500000,0x000000681b600000)]
  0x0000023299f9bfc0 JavaThread "Common-Cleaner" daemon [_thread_blocked, id=32144, stack(0x000000681b600000,0x000000681b700000)]
  0x0000023299f9c510 JavaThread "Notification Thread" daemon [_thread_blocked, id=17596, stack(0x000000681ba00000,0x000000681bb00000)]
  0x0000023299f9a530 JavaThread "Java2D Disposer" daemon [_thread_blocked, id=31840, stack(0x000000681bc00000,0x000000681bd00000)]
  0x0000023299f9ba70 JavaThread "AWT-Shutdown" [_thread_blocked, id=23144, stack(0x000000681bd00000,0x000000681be00000)]
  0x0000023299f9da50 JavaThread "AWT-Windows" daemon [_thread_in_native, id=30592, stack(0x000000681be00000,0x000000681bf00000)]
  0x0000023299f9aa80 JavaThread "AWT-EventQueue-0" [_thread_blocked, id=11672, stack(0x000000681bf00000,0x000000681c000000)]
  0x0000023299f9afd0 JavaThread "DestroyJavaVM" [_thread_blocked, id=12900, stack(0x000000681a700000,0x000000681a800000)]
  0x00000232a41e6460 JavaThread "mysql-cj-abandoned-connection-cleanup" daemon [_thread_blocked, id=23752, stack(0x000000681cf00000,0x000000681d000000)]
  0x00000232a41e59c0 JavaThread "D3D Screen Updater" daemon [_thread_blocked, id=9304, stack(0x000000681d000000,0x000000681d100000)]
  0x00000232a41e3490 JavaThread "TimerQueue" daemon [_thread_blocked, id=1876, stack(0x000000681a400000,0x000000681a500000)]

Other Threads:
  0x0000023299f74540 VMThread "VM Thread" [stack: 0x000000681ad00000,0x000000681ae00000] [id=31148]
  0x000002329e31fcd0 WatcherThread "VM Periodic Task Thread" [stack: 0x000000681bb00000,0x000000681bc00000] [id=17092]
  0x00000232f8257d40 WorkerThread "GC Thread#0" [stack: 0x000000681a800000,0x000000681a900000] [id=27156]
  0x000002329f07ca60 WorkerThread "GC Thread#1" [stack: 0x000000681d100000,0x000000681d200000] [id=25864]
  0x00000232a440f1c0 WorkerThread "GC Thread#2" [stack: 0x000000681d200000,0x000000681d300000] [id=24320]
  0x00000232a440fa30 WorkerThread "GC Thread#3" [stack: 0x000000681d300000,0x000000681d400000] [id=29288]
  0x00000232a440ec20 WorkerThread "GC Thread#4" [stack: 0x000000681d400000,0x000000681d500000] [id=18852]
  0x00000232a440e950 WorkerThread "GC Thread#5" [stack: 0x000000681d500000,0x000000681d600000] [id=14172]
  0x00000232a440d870 WorkerThread "GC Thread#6" [stack: 0x000000681d600000,0x000000681d700000] [id=32244]
  0x00000232a440f490 WorkerThread "GC Thread#7" [stack: 0x000000681d700000,0x000000681d800000] [id=31336]
  0x00000232a440f760 WorkerThread "GC Thread#8" [stack: 0x000000681d800000,0x000000681d900000] [id=19028]
  0x00000232a440d5a0 WorkerThread "GC Thread#9" [stack: 0x000000681d900000,0x000000681da00000] [id=29800]
  0x00000232a440eef0 WorkerThread "GC Thread#10" [stack: 0x000000681da00000,0x000000681db00000] [id=1144]
  0x00000232a440e3b0 WorkerThread "GC Thread#11" [stack: 0x000000681db00000,0x000000681dc00000] [id=1656]
  0x00000232a440e680 WorkerThread "GC Thread#12" [stack: 0x000000681dc00000,0x000000681dd00000] [id=10108]
  0x00000232f82683c0 ConcurrentGCThread "G1 Main Marker" [stack: 0x000000681a900000,0x000000681aa00000] [id=31896]
  0x00000232f8268d00 WorkerThread "G1 Conc#0" [stack: 0x000000681aa00000,0x000000681ab00000] [id=31608]
  0x00000232f82aec00 ConcurrentGCThread "G1 Refine#0" [stack: 0x000000681ab00000,0x000000681ac00000] [id=24732]
  0x0000023299e35d70 ConcurrentGCThread "G1 Service" [stack: 0x000000681ac00000,0x000000681ad00000] [id=19644]

Threads with active compile tasks:
C2 CompilerThread0  3689198 4182   !   4       java.util.jar.JarFile::checkForSpecialAttributes (163 bytes)

VM state: not at safepoint (normal execution)

VM Mutex/Monitor currently owned by a thread: None

Heap address: 0x0000000709400000, size: 3948 MB, Compressed Oops mode: Zero based, Oop shift amount: 3

CDS archive(s) mapped at: [0x0000000800000000-0x0000000800c60000-0x0000000800c60000), size 12976128, SharedBaseAddress: 0x0000000800000000, ArchiveRelocationMode: 0.
Compressed class space mapped at: 0x0000000801000000-0x0000000841000000, reserved size: 1073741824
Narrow klass base: 0x0000000800000000, Narrow klass shift: 0, Narrow klass range: 0x100000000

GC Precious Log:
 CardTable entry size: 512
 Card Set container configuration: InlinePtr #cards 4 size 8 Array Of Cards #cards 16 size 48 Howl #buckets 8 coarsen threshold 3686 Howl Bitmap #cards 512 size 80 coarsen threshold 460 Card regions per heap region 1 cards per card region 4096
 CPUs: 16 total, 16 available
 Memory: 15791M
 Large Page Support: Disabled
 NUMA Support: Disabled
 Compressed Oops: Enabled (Zero based)
 Heap Region Size: 2M
 Heap Min Capacity: 8M
 Heap Initial Capacity: 248M
 Heap Max Capacity: 3948M
 Pre-touch: Disabled
 Parallel Workers: 13
 Concurrent Workers: 3
 Concurrent Refinement Workers: 13
 Periodic GC: Disabled

Heap:
 garbage-first heap   total 253952K, used 35344K [0x0000000709400000, 0x0000000800000000)
  region size 2048K, 7 young (14336K), 2 survivors (4096K)
 Metaspace       used 19108K, committed 19328K, reserved 1114112K
  class space    used 2095K, committed 2176K, reserved 1048576K

Heap Regions: E=young(eden), S=young(survivor), O=old, HS=humongous(starts), HC=humongous(continues), CS=collection set, F=free, OA=open archive, CA=closed archive, TAMS=top-at-mark-start, PB=parsable bottom
|   0|0x0000000709400000, 0x0000000709600000, 0x0000000709600000|100%| O|  |TAMS 0x0000000709400000| PB 0x0000000709400000| Untracked 
|   1|0x0000000709600000, 0x0000000709800000, 0x0000000709800000|100%|HS|  |TAMS 0x0000000709600000| PB 0x0000000709600000| Complete 
|   2|0x0000000709800000, 0x0000000709a00000, 0x0000000709a00000|100%|HC|  |TAMS 0x0000000709800000| PB 0x0000000709800000| Complete 
|   3|0x0000000709a00000, 0x0000000709c00000, 0x0000000709c00000|100%|HS|  |TAMS 0x0000000709a00000| PB 0x0000000709a00000| Complete 
|   4|0x0000000709c00000, 0x0000000709e00000, 0x0000000709e00000|100%|HC|  |TAMS 0x0000000709c00000| PB 0x0000000709c00000| Complete 
|   5|0x0000000709e00000, 0x000000070a000000, 0x000000070a000000|100%|HC|  |TAMS 0x0000000709e00000| PB 0x0000000709e00000| Complete 
|   6|0x000000070a000000, 0x000000070a200000, 0x000000070a200000|100%| O|  |TAMS 0x000000070a000000| PB 0x000000070a000000| Untracked 
|   7|0x000000070a200000, 0x000000070a400000, 0x000000070a400000|100%| O|  |TAMS 0x000000070a200000| PB 0x000000070a200000| Untracked 
|   8|0x000000070a400000, 0x000000070a484000, 0x000000070a600000| 25%| O|  |TAMS 0x000000070a400000| PB 0x000000070a400000| Untracked 
|   9|0x000000070a600000, 0x000000070a800000, 0x000000070a800000|100%|HS|  |TAMS 0x000000070a600000| PB 0x000000070a600000| Complete 
|  10|0x000000070a800000, 0x000000070aa00000, 0x000000070aa00000|100%|HC|  |TAMS 0x000000070a800000| PB 0x000000070a800000| Complete 
|  11|0x000000070aa00000, 0x000000070ac00000, 0x000000070ac00000|100%|HC|  |TAMS 0x000000070aa00000| PB 0x000000070aa00000| Complete 
|  12|0x000000070ac00000, 0x000000070ac00000, 0x000000070ae00000|  0%| F|  |TAMS 0x000000070ac00000| PB 0x000000070ac00000| Untracked 
|  13|0x000000070ae00000, 0x000000070ae00000, 0x000000070b000000|  0%| F|  |TAMS 0x000000070ae00000| PB 0x000000070ae00000| Untracked 
|  14|0x000000070b000000, 0x000000070b000000, 0x000000070b200000|  0%| F|  |TAMS 0x000000070b000000| PB 0x000000070b000000| Untracked 
|  15|0x000000070b200000, 0x000000070b200000, 0x000000070b400000|  0%| F|  |TAMS 0x000000070b200000| PB 0x000000070b200000| Untracked 
|  16|0x000000070b400000, 0x000000070b400000, 0x000000070b600000|  0%| F|  |TAMS 0x000000070b400000| PB 0x000000070b400000| Untracked 
|  17|0x000000070b600000, 0x000000070b600000, 0x000000070b800000|  0%| F|  |TAMS 0x000000070b600000| PB 0x000000070b600000| Untracked 
|  18|0x000000070b800000, 0x000000070b800000, 0x000000070ba00000|  0%| F|  |TAMS 0x000000070b800000| PB 0x000000070b800000| Untracked 
|  19|0x000000070ba00000, 0x000000070ba00000, 0x000000070bc00000|  0%| F|  |TAMS 0x000000070ba00000| PB 0x000000070ba00000| Untracked 
|  20|0x000000070bc00000, 0x000000070bc00000, 0x000000070be00000|  0%| F|  |TAMS 0x000000070bc00000| PB 0x000000070bc00000| Untracked 
|  21|0x000000070be00000, 0x000000070be00000, 0x000000070c000000|  0%| F|  |TAMS 0x000000070be00000| PB 0x000000070be00000| Untracked 
|  22|0x000000070c000000, 0x000000070c000000, 0x000000070c200000|  0%| F|  |TAMS 0x000000070c000000| PB 0x000000070c000000| Untracked 
|  23|0x000000070c200000, 0x000000070c200000, 0x000000070c400000|  0%| F|  |TAMS 0x000000070c200000| PB 0x000000070c200000| Untracked 
|  24|0x000000070c400000, 0x000000070c400000, 0x000000070c600000|  0%| F|  |TAMS 0x000000070c400000| PB 0x000000070c400000| Untracked 
|  25|0x000000070c600000, 0x000000070c600000, 0x000000070c800000|  0%| F|  |TAMS 0x000000070c600000| PB 0x000000070c600000| Untracked 
|  26|0x000000070c800000, 0x000000070c800000, 0x000000070ca00000|  0%| F|  |TAMS 0x000000070c800000| PB 0x000000070c800000| Untracked 
|  27|0x000000070ca00000, 0x000000070ca00000, 0x000000070cc00000|  0%| F|  |TAMS 0x000000070ca00000| PB 0x000000070ca00000| Untracked 
|  28|0x000000070cc00000, 0x000000070cc00000, 0x000000070ce00000|  0%| F|  |TAMS 0x000000070cc00000| PB 0x000000070cc00000| Untracked 
|  29|0x000000070ce00000, 0x000000070ce00000, 0x000000070d000000|  0%| F|  |TAMS 0x000000070ce00000| PB 0x000000070ce00000| Untracked 
|  30|0x000000070d000000, 0x000000070d000000, 0x000000070d200000|  0%| F|  |TAMS 0x000000070d000000| PB 0x000000070d000000| Untracked 
|  31|0x000000070d200000, 0x000000070d200000, 0x000000070d400000|  0%| F|  |TAMS 0x000000070d200000| PB 0x000000070d200000| Untracked 
|  32|0x000000070d400000, 0x000000070d400000, 0x000000070d600000|  0%| F|  |TAMS 0x000000070d400000| PB 0x000000070d400000| Untracked 
|  33|0x000000070d600000, 0x000000070d600000, 0x000000070d800000|  0%| F|  |TAMS 0x000000070d600000| PB 0x000000070d600000| Untracked 
|  34|0x000000070d800000, 0x000000070d800000, 0x000000070da00000|  0%| F|  |TAMS 0x000000070d800000| PB 0x000000070d800000| Untracked 
|  35|0x000000070da00000, 0x000000070da00000, 0x000000070dc00000|  0%| F|  |TAMS 0x000000070da00000| PB 0x000000070da00000| Untracked 
|  36|0x000000070dc00000, 0x000000070dc00000, 0x000000070de00000|  0%| F|  |TAMS 0x000000070dc00000| PB 0x000000070dc00000| Untracked 
|  37|0x000000070de00000, 0x000000070de00000, 0x000000070e000000|  0%| F|  |TAMS 0x000000070de00000| PB 0x000000070de00000| Untracked 
|  38|0x000000070e000000, 0x000000070e000000, 0x000000070e200000|  0%| F|  |TAMS 0x000000070e000000| PB 0x000000070e000000| Untracked 
|  39|0x000000070e200000, 0x000000070e200000, 0x000000070e400000|  0%| F|  |TAMS 0x000000070e200000| PB 0x000000070e200000| Untracked 
|  40|0x000000070e400000, 0x000000070e400000, 0x000000070e600000|  0%| F|  |TAMS 0x000000070e400000| PB 0x000000070e400000| Untracked 
|  41|0x000000070e600000, 0x000000070e600000, 0x000000070e800000|  0%| F|  |TAMS 0x000000070e600000| PB 0x000000070e600000| Untracked 
|  42|0x000000070e800000, 0x000000070e800000, 0x000000070ea00000|  0%| F|  |TAMS 0x000000070e800000| PB 0x000000070e800000| Untracked 
|  43|0x000000070ea00000, 0x000000070ea00000, 0x000000070ec00000|  0%| F|  |TAMS 0x000000070ea00000| PB 0x000000070ea00000| Untracked 
|  44|0x000000070ec00000, 0x000000070ec00000, 0x000000070ee00000|  0%| F|  |TAMS 0x000000070ec00000| PB 0x000000070ec00000| Untracked 
|  45|0x000000070ee00000, 0x000000070ee00000, 0x000000070f000000|  0%| F|  |TAMS 0x000000070ee00000| PB 0x000000070ee00000| Untracked 
|  46|0x000000070f000000, 0x000000070f000000, 0x000000070f200000|  0%| F|  |TAMS 0x000000070f000000| PB 0x000000070f000000| Untracked 
|  47|0x000000070f200000, 0x000000070f200000, 0x000000070f400000|  0%| F|  |TAMS 0x000000070f200000| PB 0x000000070f200000| Untracked 
|  48|0x000000070f400000, 0x000000070f400000, 0x000000070f600000|  0%| F|  |TAMS 0x000000070f400000| PB 0x000000070f400000| Untracked 
|  49|0x000000070f600000, 0x000000070f600000, 0x000000070f800000|  0%| F|  |TAMS 0x000000070f600000| PB 0x000000070f600000| Untracked 
|  50|0x000000070f800000, 0x000000070f800000, 0x000000070fa00000|  0%| F|  |TAMS 0x000000070f800000| PB 0x000000070f800000| Untracked 
|  51|0x000000070fa00000, 0x000000070fa00000, 0x000000070fc00000|  0%| F|  |TAMS 0x000000070fa00000| PB 0x000000070fa00000| Untracked 
|  52|0x000000070fc00000, 0x000000070fc00000, 0x000000070fe00000|  0%| F|  |TAMS 0x000000070fc00000| PB 0x000000070fc00000| Untracked 
|  53|0x000000070fe00000, 0x000000070fe00000, 0x0000000710000000|  0%| F|  |TAMS 0x000000070fe00000| PB 0x000000070fe00000| Untracked 
|  54|0x0000000710000000, 0x0000000710000000, 0x0000000710200000|  0%| F|  |TAMS 0x0000000710000000| PB 0x0000000710000000| Untracked 
|  55|0x0000000710200000, 0x0000000710200000, 0x0000000710400000|  0%| F|  |TAMS 0x0000000710200000| PB 0x0000000710200000| Untracked 
|  56|0x0000000710400000, 0x0000000710400000, 0x0000000710600000|  0%| F|  |TAMS 0x0000000710400000| PB 0x0000000710400000| Untracked 
|  57|0x0000000710600000, 0x0000000710600000, 0x0000000710800000|  0%| F|  |TAMS 0x0000000710600000| PB 0x0000000710600000| Untracked 
|  58|0x0000000710800000, 0x0000000710800000, 0x0000000710a00000|  0%| F|  |TAMS 0x0000000710800000| PB 0x0000000710800000| Untracked 
|  59|0x0000000710a00000, 0x0000000710a00000, 0x0000000710c00000|  0%| F|  |TAMS 0x0000000710a00000| PB 0x0000000710a00000| Untracked 
|  60|0x0000000710c00000, 0x0000000710c00000, 0x0000000710e00000|  0%| F|  |TAMS 0x0000000710c00000| PB 0x0000000710c00000| Untracked 
|  61|0x0000000710e00000, 0x0000000710e00000, 0x0000000711000000|  0%| F|  |TAMS 0x0000000710e00000| PB 0x0000000710e00000| Untracked 
|  62|0x0000000711000000, 0x0000000711000000, 0x0000000711200000|  0%| F|  |TAMS 0x0000000711000000| PB 0x0000000711000000| Untracked 
|  63|0x0000000711200000, 0x0000000711200000, 0x0000000711400000|  0%| F|  |TAMS 0x0000000711200000| PB 0x0000000711200000| Untracked 
|  64|0x0000000711400000, 0x0000000711400000, 0x0000000711600000|  0%| F|  |TAMS 0x0000000711400000| PB 0x0000000711400000| Untracked 
|  65|0x0000000711600000, 0x0000000711600000, 0x0000000711800000|  0%| F|  |TAMS 0x0000000711600000| PB 0x0000000711600000| Untracked 
|  66|0x0000000711800000, 0x0000000711800000, 0x0000000711a00000|  0%| F|  |TAMS 0x0000000711800000| PB 0x0000000711800000| Untracked 
|  67|0x0000000711a00000, 0x0000000711a00000, 0x0000000711c00000|  0%| F|  |TAMS 0x0000000711a00000| PB 0x0000000711a00000| Untracked 
|  68|0x0000000711c00000, 0x0000000711c00000, 0x0000000711e00000|  0%| F|  |TAMS 0x0000000711c00000| PB 0x0000000711c00000| Untracked 
|  69|0x0000000711e00000, 0x0000000711e00000, 0x0000000712000000|  0%| F|  |TAMS 0x0000000711e00000| PB 0x0000000711e00000| Untracked 
|  70|0x0000000712000000, 0x0000000712000000, 0x0000000712200000|  0%| F|  |TAMS 0x0000000712000000| PB 0x0000000712000000| Untracked 
|  71|0x0000000712200000, 0x0000000712200000, 0x0000000712400000|  0%| F|  |TAMS 0x0000000712200000| PB 0x0000000712200000| Untracked 
|  72|0x0000000712400000, 0x0000000712400000, 0x0000000712600000|  0%| F|  |TAMS 0x0000000712400000| PB 0x0000000712400000| Untracked 
|  73|0x0000000712600000, 0x0000000712600000, 0x0000000712800000|  0%| F|  |TAMS 0x0000000712600000| PB 0x0000000712600000| Untracked 
|  74|0x0000000712800000, 0x0000000712800000, 0x0000000712a00000|  0%| F|  |TAMS 0x0000000712800000| PB 0x0000000712800000| Untracked 
|  75|0x0000000712a00000, 0x0000000712a00000, 0x0000000712c00000|  0%| F|  |TAMS 0x0000000712a00000| PB 0x0000000712a00000| Untracked 
|  76|0x0000000712c00000, 0x0000000712c00000, 0x0000000712e00000|  0%| F|  |TAMS 0x0000000712c00000| PB 0x0000000712c00000| Untracked 
|  77|0x0000000712e00000, 0x0000000712e00000, 0x0000000713000000|  0%| F|  |TAMS 0x0000000712e00000| PB 0x0000000712e00000| Untracked 
|  78|0x0000000713000000, 0x0000000713000000, 0x0000000713200000|  0%| F|  |TAMS 0x0000000713000000| PB 0x0000000713000000| Untracked 
|  79|0x0000000713200000, 0x0000000713200000, 0x0000000713400000|  0%| F|  |TAMS 0x0000000713200000| PB 0x0000000713200000| Untracked 
|  80|0x0000000713400000, 0x0000000713400000, 0x0000000713600000|  0%| F|  |TAMS 0x0000000713400000| PB 0x0000000713400000| Untracked 
|  81|0x0000000713600000, 0x0000000713600000, 0x0000000713800000|  0%| F|  |TAMS 0x0000000713600000| PB 0x0000000713600000| Untracked 
|  82|0x0000000713800000, 0x0000000713800000, 0x0000000713a00000|  0%| F|  |TAMS 0x0000000713800000| PB 0x0000000713800000| Untracked 
|  83|0x0000000713a00000, 0x0000000713a00000, 0x0000000713c00000|  0%| F|  |TAMS 0x0000000713a00000| PB 0x0000000713a00000| Untracked 
|  84|0x0000000713c00000, 0x0000000713c00000, 0x0000000713e00000|  0%| F|  |TAMS 0x0000000713c00000| PB 0x0000000713c00000| Untracked 
|  85|0x0000000713e00000, 0x0000000713e00000, 0x0000000714000000|  0%| F|  |TAMS 0x0000000713e00000| PB 0x0000000713e00000| Untracked 
|  86|0x0000000714000000, 0x0000000714000000, 0x0000000714200000|  0%| F|  |TAMS 0x0000000714000000| PB 0x0000000714000000| Untracked 
|  87|0x0000000714200000, 0x0000000714200000, 0x0000000714400000|  0%| F|  |TAMS 0x0000000714200000| PB 0x0000000714200000| Untracked 
|  88|0x0000000714400000, 0x0000000714400000, 0x0000000714600000|  0%| F|  |TAMS 0x0000000714400000| PB 0x0000000714400000| Untracked 
|  89|0x0000000714600000, 0x0000000714600000, 0x0000000714800000|  0%| F|  |TAMS 0x0000000714600000| PB 0x0000000714600000| Untracked 
|  90|0x0000000714800000, 0x0000000714800000, 0x0000000714a00000|  0%| F|  |TAMS 0x0000000714800000| PB 0x0000000714800000| Untracked 
|  91|0x0000000714a00000, 0x0000000714a00000, 0x0000000714c00000|  0%| F|  |TAMS 0x0000000714a00000| PB 0x0000000714a00000| Untracked 
|  92|0x0000000714c00000, 0x0000000714c00000, 0x0000000714e00000|  0%| F|  |TAMS 0x0000000714c00000| PB 0x0000000714c00000| Untracked 
|  93|0x0000000714e00000, 0x0000000714e00000, 0x0000000715000000|  0%| F|  |TAMS 0x0000000714e00000| PB 0x0000000714e00000| Untracked 
|  94|0x0000000715000000, 0x0000000715000000, 0x0000000715200000|  0%| F|  |TAMS 0x0000000715000000| PB 0x0000000715000000| Untracked 
|  95|0x0000000715200000, 0x0000000715200000, 0x0000000715400000|  0%| F|  |TAMS 0x0000000715200000| PB 0x0000000715200000| Untracked 
|  96|0x0000000715400000, 0x0000000715400000, 0x0000000715600000|  0%| F|  |TAMS 0x0000000715400000| PB 0x0000000715400000| Untracked 
|  97|0x0000000715600000, 0x0000000715600000, 0x0000000715800000|  0%| F|  |TAMS 0x0000000715600000| PB 0x0000000715600000| Untracked 
|  98|0x0000000715800000, 0x0000000715800000, 0x0000000715a00000|  0%| F|  |TAMS 0x0000000715800000| PB 0x0000000715800000| Untracked 
|  99|0x0000000715a00000, 0x0000000715a00000, 0x0000000715c00000|  0%| F|  |TAMS 0x0000000715a00000| PB 0x0000000715a00000| Untracked 
| 100|0x0000000715c00000, 0x0000000715c00000, 0x0000000715e00000|  0%| F|  |TAMS 0x0000000715c00000| PB 0x0000000715c00000| Untracked 
| 101|0x0000000715e00000, 0x0000000715e00000, 0x0000000716000000|  0%| F|  |TAMS 0x0000000715e00000| PB 0x0000000715e00000| Untracked 
| 102|0x0000000716000000, 0x0000000716000000, 0x0000000716200000|  0%| F|  |TAMS 0x0000000716000000| PB 0x0000000716000000| Untracked 
| 103|0x0000000716200000, 0x0000000716200000, 0x0000000716400000|  0%| F|  |TAMS 0x0000000716200000| PB 0x0000000716200000| Untracked 
| 104|0x0000000716400000, 0x0000000716400000, 0x0000000716600000|  0%| F|  |TAMS 0x0000000716400000| PB 0x0000000716400000| Untracked 
| 105|0x0000000716600000, 0x0000000716600000, 0x0000000716800000|  0%| F|  |TAMS 0x0000000716600000| PB 0x0000000716600000| Untracked 
| 106|0x0000000716800000, 0x0000000716800000, 0x0000000716a00000|  0%| F|  |TAMS 0x0000000716800000| PB 0x0000000716800000| Untracked 
| 107|0x0000000716a00000, 0x0000000716c00000, 0x0000000716c00000|100%| S|CS|TAMS 0x0000000716a00000| PB 0x0000000716a00000| Complete 
| 108|0x0000000716c00000, 0x0000000716e00000, 0x0000000716e00000|100%| S|CS|TAMS 0x0000000716c00000| PB 0x0000000716c00000| Complete 
| 109|0x0000000716e00000, 0x0000000716e00000, 0x0000000717000000|  0%| F|  |TAMS 0x0000000716e00000| PB 0x0000000716e00000| Untracked 
| 110|0x0000000717000000, 0x0000000717000000, 0x0000000717200000|  0%| F|  |TAMS 0x0000000717000000| PB 0x0000000717000000| Untracked 
| 111|0x0000000717200000, 0x0000000717200000, 0x0000000717400000|  0%| F|  |TAMS 0x0000000717200000| PB 0x0000000717200000| Untracked 
| 112|0x0000000717400000, 0x0000000717400000, 0x0000000717600000|  0%| F|  |TAMS 0x0000000717400000| PB 0x0000000717400000| Untracked 
| 113|0x0000000717600000, 0x0000000717600000, 0x0000000717800000|  0%| F|  |TAMS 0x0000000717600000| PB 0x0000000717600000| Untracked 
| 114|0x0000000717800000, 0x0000000717800000, 0x0000000717a00000|  0%| F|  |TAMS 0x0000000717800000| PB 0x0000000717800000| Untracked 
| 115|0x0000000717a00000, 0x0000000717a00000, 0x0000000717c00000|  0%| F|  |TAMS 0x0000000717a00000| PB 0x0000000717a00000| Untracked 
| 116|0x0000000717c00000, 0x0000000717c00000, 0x0000000717e00000|  0%| F|  |TAMS 0x0000000717c00000| PB 0x0000000717c00000| Untracked 
| 117|0x0000000717e00000, 0x0000000717e00000, 0x0000000718000000|  0%| F|  |TAMS 0x0000000717e00000| PB 0x0000000717e00000| Untracked 
| 118|0x0000000718000000, 0x0000000718000000, 0x0000000718200000|  0%| F|  |TAMS 0x0000000718000000| PB 0x0000000718000000| Untracked 
| 119|0x0000000718200000, 0x0000000718200800, 0x0000000718400000|  0%| E|  |TAMS 0x0000000718200000| PB 0x0000000718200000| Complete 
| 120|0x0000000718400000, 0x0000000718600000, 0x0000000718600000|100%| E|CS|TAMS 0x0000000718400000| PB 0x0000000718400000| Complete 
| 121|0x0000000718600000, 0x0000000718800000, 0x0000000718800000|100%| E|CS|TAMS 0x0000000718600000| PB 0x0000000718600000| Complete 
| 122|0x0000000718800000, 0x0000000718a00000, 0x0000000718a00000|100%| E|CS|TAMS 0x0000000718800000| PB 0x0000000718800000| Complete 
| 123|0x0000000718a00000, 0x0000000718c00000, 0x0000000718c00000|100%| E|CS|TAMS 0x0000000718a00000| PB 0x0000000718a00000| Complete 

Card table byte_map: [0x00000232fb210000,0x00000232fb9d0000] _byte_map_base: 0x00000232f79c6000

Marking Bits: (CMBitMap*) 0x00000232f8258280
 Bits: [0x00000232fc190000, 0x00000232fff40000)

Polling page: 0x00000232f82b0000

Metaspace:

Usage:
  Non-class:     16.61 MB used.
      Class:      2.05 MB used.
       Both:     18.66 MB used.

Virtual space:
  Non-class space:       64.00 MB reserved,      16.75 MB ( 26%) committed,  1 nodes.
      Class space:        1.00 GB reserved,       2.12 MB ( <1%) committed,  1 nodes.
             Both:        1.06 GB reserved,      18.88 MB (  2%) committed. 

Chunk freelists:
   Non-Class:  2.94 MB
       Class:  1.69 MB
        Both:  4.63 MB

MaxMetaspaceSize: unlimited
CompressedClassSpaceSize: 1.00 GB
Initial GC threshold: 21.00 MB
Current GC threshold: 21.00 MB
CDS: on
MetaspaceReclaimPolicy: balanced
 - commit_granule_bytes: 65536.
 - commit_granule_words: 8192.
 - virtual_space_node_default_size: 8388608.
 - enlarge_chunks_in_place: 1.
 - new_chunks_are_fully_committed: 0.
 - uncommit_free_chunks: 1.
 - use_allocation_guard: 0.


Internal statistics:

num_allocs_failed_limit: 0.
num_arena_births: 204.
num_arena_deaths: 0.
num_vsnodes_births: 2.
num_vsnodes_deaths: 0.
num_space_committed: 302.
num_space_uncommitted: 0.
num_chunks_returned_to_freelist: 0.
num_chunks_taken_from_freelist: 407.
num_chunk_merges: 0.
num_chunk_splits: 249.
num_chunks_enlarged: 156.
num_inconsistent_stats: 0.

CodeHeap 'non-profiled nmethods': size=119168Kb used=1828Kb max_used=1828Kb free=117339Kb
 bounds [0x000002328fb90000, 0x000002328fe00000, 0x0000023296ff0000]
CodeHeap 'profiled nmethods': size=119104Kb used=9095Kb max_used=9095Kb free=110009Kb
 bounds [0x0000023287ff0000, 0x00000232888e0000, 0x000002328f440000]
CodeHeap 'non-nmethods': size=7488Kb used=1790Kb max_used=3496Kb free=5697Kb
 bounds [0x000002328f440000, 0x000002328f7b0000, 0x000002328fb90000]
 total_blobs=4944 nmethods=4180 adapters=671
 compilation: enabled
              stopped_count=0, restarted_count=0
 full_count=0

Compilation events (20 events):
Event: 3681.692 Thread 0x000002329e2a0cd0 nmethod 4173 0x00000232888cf910 code [0x00000232888cfb40, 0x00000232888d0738]
Event: 3681.693 Thread 0x00000232a442ef40 nmethod 4172 0x000002328fd48110 code [0x000002328fd482a0, 0x000002328fd483a0]
Event: 3681.693 Thread 0x00000232a442ef40 4174       4       java.awt.Font::hashCode (76 bytes)
Event: 3681.693 Thread 0x000002329e2a1cb0 4175       3       javax.swing.table.DefaultTableModel::getValueAt (18 bytes)
Event: 3681.695 Thread 0x000002329e2a1cb0 nmethod 4175 0x00000232888d0b90 code [0x00000232888d0d40, 0x00000232888d0fe0]
Event: 3681.695 Thread 0x00000232a442ef40 nmethod 4174 0x000002328fd48490 code [0x000002328fd48600, 0x000002328fd486f0]
Event: 3681.695 Thread 0x00000232a442ef40 4176   !   4       sun.font.FontDesignMetrics::getMetrics (265 bytes)
Event: 3681.713 Thread 0x000002329e2a1cb0 4178       1       java.awt.MultipleGradientPaintContext::getColorModel (5 bytes)
Event: 3681.714 Thread 0x000002329e2a1cb0 nmethod 4178 0x000002328fd48810 code [0x000002328fd48980, 0x000002328fd48a50]
Event: 3681.718 Thread 0x000002329e2a1cb0 4179       3       sun.font.TrueTypeFont::getMapper (24 bytes)
Event: 3681.720 Thread 0x000002329e2a1cb0 nmethod 4179 0x00000232888d1110 code [0x00000232888d12a0, 0x00000232888d14f8]
Event: 3681.721 Thread 0x000002329e2a0cd0 4181       3       javax.swing.plaf.synth.SynthComboBoxUI$ButtonHandler::isRollover (22 bytes)
Event: 3681.722 Thread 0x000002329e2a0cd0 nmethod 4181 0x00000232888d1590 code [0x00000232888d1740, 0x00000232888d1a98]
Event: 3681.769 Thread 0x0000023299f98bb0 nmethod 4168% 0x000002328fd48b10 code [0x000002328fd48d80, 0x000002328fd4f2c0]
Event: 3681.769 Thread 0x0000023299f98bb0 4177       4       java.awt.LinearGradientPaintContext::fillRaster (97 bytes)
Event: 3681.776 Thread 0x0000023299f98bb0 nmethod 4177 0x000002328fd53290 code [0x000002328fd53460, 0x000002328fd53c38]
Event: 3681.776 Thread 0x0000023299f98bb0 4180 %     4       sun.java2d.marlin.MarlinTileGenerator::getAlphaNoRLE @ 243 (364 bytes)
Event: 3681.786 Thread 0x00000232a442ef40 nmethod 4176 0x000002328fd54110 code [0x000002328fd54480, 0x000002328fd56ba8]
Event: 3681.790 Thread 0x0000023299f98bb0 nmethod 4180% 0x000002328fd57e10 code [0x000002328fd57fc0, 0x000002328fd58b80]
Event: 3689.139 Thread 0x0000023299f98bb0 4182   !   4       java.util.jar.JarFile::checkForSpecialAttributes (163 bytes)

GC Heap History (4 events):
Event: 0.855 GC heap before
{Heap before GC invocations=0 (full 0):
 garbage-first heap   total 253952K, used 22528K [0x0000000709400000, 0x0000000800000000)
  region size 2048K, 11 young (22528K), 0 survivors (0K)
 Metaspace       used 15764K, committed 16000K, reserved 1114112K
  class space    used 1794K, committed 1920K, reserved 1048576K
}
Event: 0.861 GC heap after
{Heap after GC invocations=1 (full 0):
 garbage-first heap   total 253952K, used 5718K [0x0000000709400000, 0x0000000800000000)
  region size 2048K, 2 young (4096K), 2 survivors (4096K)
 Metaspace       used 15764K, committed 16000K, reserved 1114112K
  class space    used 1794K, committed 1920K, reserved 1048576K
}
Event: 3678.898 GC heap before
{Heap before GC invocations=1 (full 0):
 garbage-first heap   total 253952K, used 40534K [0x0000000709400000, 0x0000000800000000)
  region size 2048K, 15 young (30720K), 2 survivors (4096K)
 Metaspace       used 19063K, committed 19264K, reserved 1114112K
  class space    used 2094K, committed 2176K, reserved 1048576K
}
Event: 3679.085 GC heap after
{Heap after GC invocations=2 (full 0):
 garbage-first heap   total 253952K, used 21008K [0x0000000709400000, 0x0000000800000000)
  region size 2048K, 2 young (4096K), 2 survivors (4096K)
 Metaspace       used 19063K, committed 19264K, reserved 1114112K
  class space    used 2094K, committed 2176K, reserved 1048576K
}

Dll operation events (11 events):
Event: 0.005 Loaded shared library C:\Program Files\Java\jdk-20\bin\java.dll
Event: 0.012 Loaded shared library C:\Program Files\Java\jdk-20\bin\jsvml.dll
Event: 0.046 Loaded shared library C:\Program Files\Java\jdk-20\bin\net.dll
Event: 0.047 Loaded shared library C:\Program Files\Java\jdk-20\bin\nio.dll
Event: 0.062 Loaded shared library C:\Program Files\Java\jdk-20\bin\zip.dll
Event: 0.074 Loaded shared library C:\Program Files\Java\jdk-20\bin\jimage.dll
Event: 0.087 Loaded shared library C:\Program Files\Java\jdk-20\bin\awt.dll
Event: 0.179 Loaded shared library C:\Program Files\Java\jdk-20\bin\freetype.dll
Event: 0.180 Loaded shared library C:\Program Files\Java\jdk-20\bin\fontmanager.dll
Event: 0.683 Loaded shared library C:\Program Files\Java\jdk-20\bin\extnet.dll
Event: 1266.203 Loaded shared library C:\Program Files\Java\jdk-20\bin\verify.dll

Deoptimization events (20 events):
Event: 3681.646 Thread 0x0000023299f9aa80 DEOPT PACKING pc=0x000002328fd4244c sp=0x000000681bffc770
Event: 3681.646 Thread 0x0000023299f9aa80 DEOPT UNPACKING pc=0x000002328f4a9d22 sp=0x000000681bffc6e8 mode 2
Event: 3681.646 Thread 0x0000023299f9aa80 Uncommon trap: trap_request=0xffffffbe fr.pc=0x000002328fd4244c relative=0x000000000000068c
Event: 3681.646 Thread 0x0000023299f9aa80 Uncommon trap: reason=profile_predicate action=maybe_recompile pc=0x000002328fd4244c method=java.awt.LinearGradientPaintContext.fillRaster([IIIIIII)V @ 53 c2
Event: 3681.646 Thread 0x0000023299f9aa80 DEOPT PACKING pc=0x000002328fd4244c sp=0x000000681bffc770
Event: 3681.646 Thread 0x0000023299f9aa80 DEOPT UNPACKING pc=0x000002328f4a9d22 sp=0x000000681bffc6e8 mode 2
Event: 3681.646 Thread 0x0000023299f9aa80 Uncommon trap: trap_request=0xffffffbe fr.pc=0x000002328fd4244c relative=0x000000000000068c
Event: 3681.646 Thread 0x0000023299f9aa80 Uncommon trap: reason=profile_predicate action=maybe_recompile pc=0x000002328fd4244c method=java.awt.LinearGradientPaintContext.fillRaster([IIIIIII)V @ 53 c2
Event: 3681.646 Thread 0x0000023299f9aa80 DEOPT PACKING pc=0x000002328fd4244c sp=0x000000681bffc770
Event: 3681.646 Thread 0x0000023299f9aa80 DEOPT UNPACKING pc=0x000002328f4a9d22 sp=0x000000681bffc6e8 mode 2
Event: 3681.658 Thread 0x0000023299f9aa80 Uncommon trap: trap_request=0xffffff45 fr.pc=0x000002328fd43724 relative=0x0000000000000364
Event: 3681.658 Thread 0x0000023299f9aa80 Uncommon trap: reason=unstable_if action=reinterpret pc=0x000002328fd43724 method=java.awt.MultipleGradientPaintContext.indexIntoGradientsArrays(F)I @ 13 c2
Event: 3681.658 Thread 0x0000023299f9aa80 DEOPT PACKING pc=0x000002328fd43724 sp=0x000000681bffc720
Event: 3681.658 Thread 0x0000023299f9aa80 DEOPT UNPACKING pc=0x000002328f4a9d22 sp=0x000000681bffc698 mode 2
Event: 3681.712 Thread 0x0000023299f9aa80 DEOPT PACKING pc=0x00000232888ca321 sp=0x000000681bffca20
Event: 3681.712 Thread 0x0000023299f9aa80 DEOPT UNPACKING pc=0x000002328f4aa4c2 sp=0x000000681bffbe98 mode 0
Event: 3681.724 Thread 0x0000023299f9aa80 DEOPT PACKING pc=0x00000232888ca321 sp=0x000000681bffca20
Event: 3681.724 Thread 0x0000023299f9aa80 DEOPT UNPACKING pc=0x000002328f4aa4c2 sp=0x000000681bffbe98 mode 0
Event: 3681.729 Thread 0x0000023299f9aa80 DEOPT PACKING pc=0x00000232888ca321 sp=0x000000681bffca20
Event: 3681.729 Thread 0x0000023299f9aa80 DEOPT UNPACKING pc=0x000002328f4aa4c2 sp=0x000000681bffbe98 mode 0

Classes loaded (20 events):
Event: 1268.528 Loading class sun/java2d/loops/ProcessPath$FillProcessHandler
Event: 1268.528 Loading class sun/java2d/loops/ProcessPath$ProcessHandler
Event: 1268.528 Loading class sun/java2d/loops/ProcessPath$ProcessHandler done
Event: 1268.528 Loading class sun/java2d/loops/ProcessPath$FillProcessHandler done
Event: 1268.528 Loading class sun/java2d/loops/ProcessPath$FillData
Event: 1268.528 Loading class sun/java2d/loops/ProcessPath$FillData done
Event: 1268.528 Loading class sun/java2d/loops/ProcessPath$Point
Event: 1268.528 Loading class sun/java2d/loops/ProcessPath$Point done
Event: 1268.528 Loading class sun/java2d/loops/ProcessPath$ActiveEdgeList
Event: 1268.528 Loading class sun/java2d/loops/ProcessPath$ActiveEdgeList done
Event: 1268.528 Loading class sun/java2d/loops/ProcessPath$Edge
Event: 1268.528 Loading class sun/java2d/loops/ProcessPath$Edge done
Event: 3678.582 Loading class java/util/WeakHashMap$KeyIterator
Event: 3678.596 Loading class java/util/WeakHashMap$HashIterator
Event: 3678.611 Loading class java/util/WeakHashMap$HashIterator done
Event: 3678.612 Loading class java/util/WeakHashMap$KeyIterator done
Event: 3678.841 Loading class javax/swing/RepaintManager$DisplayChangedRunnable
Event: 3678.848 Loading class javax/swing/RepaintManager$DisplayChangedRunnable done
Event: 3681.620 Loading class sun/awt/image/BufImgVolatileSurfaceManager
Event: 3681.622 Loading class sun/awt/image/BufImgVolatileSurfaceManager done

Classes unloaded (0 events):
No events

Classes redefined (0 events):
No events

Internal exceptions (20 events):
Event: 0.208 Thread 0x00000232f81e7390 Exception <a 'java/lang/ClassNotFoundException'{0x000000071850b070}: com/sun/swing/internal/plaf/basic/resources/spi/basicProvider> (0x000000071850b070) 
thrown [s\open\src\hotspot\share\classfile\systemDictionary.cpp, line 305]
Event: 0.265 Thread 0x0000023299f9aa80 Exception <a 'java/lang/ClassNotFoundException'{0x0000000718568310}: com/sun/swing/internal/plaf/synth/resources/spi/synthProvider> (0x0000000718568310) 
thrown [s\open\src\hotspot\share\classfile\systemDictionary.cpp, line 305]
Event: 0.279 Thread 0x0000023299f9aa80 Exception <a 'java/lang/NoSuchMethodError'{0x00000007185ab360}: 'int java.lang.invoke.Invokers$Holder.invokeExact_MT(java.lang.Object, java.lang.Object)'> (0x00000007185ab360) 
thrown [s\open\src\hotspot\share\interpreter\linkResolver.cpp, line 773]
Event: 0.286 Thread 0x0000023299f9aa80 Exception <a 'java/lang/NoSuchMethodError'{0x00000007185b71b8}: 'java.lang.Object java.lang.invoke.DirectMethodHandle$Holder.newInvokeSpecial(java.lang.Object, java.lang.Object, int)'> (0x00000007185b71b8) 
thrown [s\open\src\hotspot\share\interpreter\linkResolver.cpp, line 773]
Event: 0.287 Thread 0x0000023299f9aa80 Exception <a 'java/lang/NoSuchMethodError'{0x00000007185bc068}: 'int java.lang.invoke.DirectMethodHandle$Holder.invokeSpecial(java.lang.Object, java.lang.Object, java.lang.Object, int)'> (0x00000007185bc068) 
thrown [s\open\src\hotspot\share\interpreter\linkResolver.cpp, line 773]
Event: 0.288 Thread 0x0000023299f9aa80 Exception <a 'java/lang/NoSuchMethodError'{0x000000071820bb28}: 'java.lang.Object java.lang.invoke.DirectMethodHandle$Holder.invokeStatic(java.lang.Object, java.lang.Object, java.lang.Object, java.lang.Object, int)'> (0x000000071820bb28) 
thrown [s\open\src\hotspot\share\interpreter\linkResolver.cpp, line 773]
Event: 0.289 Thread 0x0000023299f9aa80 Exception <a 'java/lang/NoSuchMethodError'{0x0000000718217278}: 'int java.lang.invoke.DirectMethodHandle$Holder.invokeSpecial(java.lang.Object, java.lang.Object, java.lang.Object)'> (0x0000000718217278) 
thrown [s\open\src\hotspot\share\interpreter\linkResolver.cpp, line 773]
Event: 0.394 Thread 0x0000023299f9cfb0 Exception <a 'java/lang/NoSuchMethodError'{0x0000000718165b78}: 'java.lang.Object java.lang.invoke.DirectMethodHandle$Holder.newInvokeSpecial(java.lang.Object, java.lang.Object, java.lang.Object, int, int, int, int, int)'> (0x0000000718165b78) 
thrown [s\open\src\hotspot\share\interpreter\linkResolver.cpp, line 773]
Event: 0.414 Thread 0x0000023299f9da50 Exception <a 'java/lang/NoSuchMethodError'{0x0000000718761da8}: 'void java.lang.invoke.DirectMethodHandle$Holder.invokeVirtual(java.lang.Object, java.lang.Object)'> (0x0000000718761da8) 
thrown [s\open\src\hotspot\share\interpreter\linkResolver.cpp, line 773]
Event: 0.426 Thread 0x0000023299f9aa80 Exception <a 'java/lang/NoSuchMethodError'{0x000000071831a758}: 'void java.lang.invoke.DirectMethodHandle$Holder.invokeStaticInit(java.lang.Object)'> (0x000000071831a758) 
thrown [s\open\src\hotspot\share\interpreter\linkResolver.cpp, line 773]
Event: 0.596 Thread 0x0000023299f9aa80 Exception <a 'java/lang/NoSuchMethodError'{0x0000000717c5a7d8}: 'java.lang.Object java.lang.invoke.DirectMethodHandle$Holder.invokeInterface(java.lang.Object, java.lang.Object)'> (0x0000000717c5a7d8) 
thrown [s\open\src\hotspot\share\interpreter\linkResolver.cpp, line 773]
Event: 0.611 Thread 0x0000023299f9aa80 Exception <a 'java/lang/NoSuchMethodError'{0x0000000717cd2c58}: 'void java.lang.invoke.DirectMethodHandle$Holder.invokeStatic(java.lang.Object, java.lang.Object, java.lang.Object)'> (0x0000000717cd2c58) 
thrown [s\open\src\hotspot\share\interpreter\linkResolver.cpp, line 773]
Event: 0.613 Thread 0x0000023299f9aa80 Exception <a 'java/lang/NoSuchMethodError'{0x0000000717cdc768}: 'java.lang.Object java.lang.invoke.DirectMethodHandle$Holder.invokeVirtual(java.lang.Object, java.lang.Object, java.lang.Object)'> (0x0000000717cdc768) 
thrown [s\open\src\hotspot\share\interpreter\linkResolver.cpp, line 773]
Event: 0.684 Thread 0x0000023299f9aa80 Exception <a 'java/lang/NoSuchMethodError'{0x0000000717bda7d8}: 'void java.lang.invoke.DirectMethodHandle$Holder.invokeStatic(java.lang.Object, java.lang.Object)'> (0x0000000717bda7d8) 
thrown [s\open\src\hotspot\share\interpreter\linkResolver.cpp, line 773]
Event: 0.867 Thread 0x00000232a41e6460 Exception <a 'java/lang/NoSuchMethodError'{0x0000000718a1d7e8}: 'void java.lang.invoke.DirectMethodHandle$Holder.invokeStaticInit(java.lang.Object, java.lang.Object)'> (0x0000000718a1d7e8) 
thrown [s\open\src\hotspot\share\interpreter\linkResolver.cpp, line 773]
Event: 1234.109 Thread 0x0000023299f9aa80 Exception <a 'java/lang/NoSuchMethodError'{0x0000000717f2b5f8}: 'int java.lang.invoke.DirectMethodHandle$Holder.invokeStatic(java.lang.Object)'> (0x0000000717f2b5f8) 
thrown [s\open\src\hotspot\share\interpreter\linkResolver.cpp, line 773]
Event: 3681.646 Thread 0x0000023299f9aa80 Implicit null exception at 0x000002328fd41e93 to 0x000002328fd42411
Event: 3681.646 Thread 0x0000023299f9aa80 Implicit null exception at 0x000002328fd41e93 to 0x000002328fd42411
Event: 3681.646 Thread 0x0000023299f9aa80 Implicit null exception at 0x000002328fd41e93 to 0x000002328fd42411
Event: 3681.646 Thread 0x0000023299f9aa80 Implicit null exception at 0x000002328fd41e93 to 0x000002328fd42411

VM Operations (20 events):
Event: 1267.290 Executing VM operation: Cleanup
Event: 1267.290 Executing VM operation: Cleanup done
Event: 1269.299 Executing VM operation: Cleanup
Event: 1269.299 Executing VM operation: Cleanup done
Event: 1271.311 Executing VM operation: Cleanup
Event: 1271.311 Executing VM operation: Cleanup done
Event: 1272.322 Executing VM operation: Cleanup
Event: 1272.322 Executing VM operation: Cleanup done
Event: 1690.468 Executing VM operation: Cleanup
Event: 1690.478 Executing VM operation: Cleanup done
Event: 3678.893 Executing VM operation: G1CollectForAllocation
Event: 3679.085 Executing VM operation: G1CollectForAllocation done
Event: 3681.089 Executing VM operation: Cleanup
Event: 3681.089 Executing VM operation: Cleanup done
Event: 3681.633 Executing VM operation: HandshakeAllThreads
Event: 3681.633 Executing VM operation: HandshakeAllThreads done
Event: 3681.634 Executing VM operation: HandshakeAllThreads
Event: 3681.634 Executing VM operation: HandshakeAllThreads done
Event: 3682.627 Executing VM operation: Cleanup
Event: 3682.627 Executing VM operation: Cleanup done

Events (20 events):
Event: 1231.422 Thread 0x000002329f14c4a0 Thread exited: 0x000002329f14c4a0
Event: 1233.429 Thread 0x000002329f14bf10 Thread exited: 0x000002329f14bf10
Event: 1236.917 Thread 0x000002329f41ece0 Thread added: 0x000002329f41ece0
Event: 1237.588 Thread 0x000002329f41ece0 Thread exited: 0x000002329f41ece0
Event: 1251.353 Thread 0x000002329f39a590 Thread added: 0x000002329f39a590
Event: 1252.409 Thread 0x000002329f39a590 Thread exited: 0x000002329f39a590
Event: 1266.247 Thread 0x000002329f6e4c00 Thread added: 0x000002329f6e4c00
Event: 1266.280 Thread 0x000002329f7561d0 Thread added: 0x000002329f7561d0
Event: 1266.281 Thread 0x00000232a41e5f10 Thread added: 0x00000232a41e5f10
Event: 1267.240 Thread 0x000002329f7561d0 Thread exited: 0x000002329f7561d0
Event: 1267.240 Thread 0x000002329f6e4c00 Thread exited: 0x000002329f6e4c00
Event: 1271.295 Thread 0x00000232a41e5f10 Thread exited: 0x00000232a41e5f10
Event: 3679.087 Thread 0x000002329e2a0cd0 Thread added: 0x000002329e2a0cd0
Event: 3679.089 Thread 0x000002329e2a1cb0 Thread added: 0x000002329e2a1cb0
Event: 3679.089 Thread 0x00000232a442ef40 Thread added: 0x00000232a442ef40
Event: 3681.287 Thread 0x00000232a442ef40 Thread exited: 0x00000232a442ef40
Event: 3681.663 Thread 0x00000232a442ef40 Thread added: 0x00000232a442ef40
Event: 3686.722 Thread 0x000002329e2a1cb0 Thread exited: 0x000002329e2a1cb0
Event: 3686.722 Thread 0x000002329e2a0cd0 Thread exited: 0x000002329e2a0cd0
Event: 3686.786 Thread 0x00000232a442ef40 Thread exited: 0x00000232a442ef40


Dynamic libraries:
0x00007ff66fd90000 - 0x00007ff66fda0000 	C:\Program Files\Java\jdk-20\bin\java.exe
0x00007ffa432d0000 - 0x00007ffa434e4000 	C:\WINDOWS\SYSTEM32\ntdll.dll
0x00007ffa41bc0000 - 0x00007ffa41c84000 	C:\WINDOWS\System32\KERNEL32.DLL
0x00007ffa40860000 - 0x00007ffa40c04000 	C:\WINDOWS\System32\KERNELBASE.dll
0x00007ffa40dd0000 - 0x00007ffa40ee1000 	C:\WINDOWS\System32\ucrtbase.dll
0x00007ffa31da0000 - 0x00007ffa31dbb000 	C:\Program Files\Java\jdk-20\bin\VCRUNTIME140.dll
0x00007ffa303a0000 - 0x00007ffa303b9000 	C:\Program Files\Java\jdk-20\bin\jli.dll
0x00007ffa41d00000 - 0x00007ffa41db0000 	C:\WINDOWS\System32\ADVAPI32.dll
0x00007ffa422d0000 - 0x00007ffa42377000 	C:\WINDOWS\System32\msvcrt.dll
0x00007ffa41de0000 - 0x00007ffa41e86000 	C:\WINDOWS\System32\sechost.dll
0x00007ffa41e90000 - 0x00007ffa41fa7000 	C:\WINDOWS\System32\RPCRT4.dll
0x00007ffa42b50000 - 0x00007ffa42cfe000 	C:\WINDOWS\System32\USER32.dll
0x00007ffa40c80000 - 0x00007ffa40ca6000 	C:\WINDOWS\System32\win32u.dll
0x00007ffa2cd80000 - 0x00007ffa2d013000 	C:\WINDOWS\WinSxS\amd64_microsoft.windows.common-controls_6595b64144ccf1df_6.0.22621.2215_none_270d72677387dfc3\COMCTL32.dll
0x00007ffa42d00000 - 0x00007ffa42d29000 	C:\WINDOWS\System32\GDI32.dll
0x00007ffa40cb0000 - 0x00007ffa40dc8000 	C:\WINDOWS\System32\gdi32full.dll
0x00007ffa407c0000 - 0x00007ffa4085a000 	C:\WINDOWS\System32\msvcp_win.dll
0x00007ffa37960000 - 0x00007ffa3796a000 	C:\WINDOWS\SYSTEM32\VERSION.dll
0x00007ffa41b80000 - 0x00007ffa41bb1000 	C:\WINDOWS\System32\IMM32.DLL
0x00007ffa31d00000 - 0x00007ffa31d0c000 	C:\Program Files\Java\jdk-20\bin\vcruntime140_1.dll
0x00007ff9f7360000 - 0x00007ff9f73ee000 	C:\Program Files\Java\jdk-20\bin\msvcp140.dll
0x00007ffa05ed0000 - 0x00007ffa06b67000 	C:\Program Files\Java\jdk-20\bin\server\jvm.dll
0x00007ffa31d90000 - 0x00007ffa31d99000 	C:\WINDOWS\SYSTEM32\WSOCK32.dll
0x00007ffa42a20000 - 0x00007ffa42a91000 	C:\WINDOWS\System32\WS2_32.dll
0x00007ffa35470000 - 0x00007ffa354a4000 	C:\WINDOWS\SYSTEM32\WINMM.dll
0x00007ffa3f7a0000 - 0x00007ffa3f7b8000 	C:\WINDOWS\SYSTEM32\kernel.appcore.dll
0x00007ffa31ca0000 - 0x00007ffa31caa000 	C:\Program Files\Java\jdk-20\bin\jimage.dll
0x00007ffa3dbc0000 - 0x00007ffa3ddee000 	C:\WINDOWS\SYSTEM32\DBGHELP.DLL
0x00007ffa42380000 - 0x00007ffa4270a000 	C:\WINDOWS\System32\combase.dll
0x00007ffa41260000 - 0x00007ffa41337000 	C:\WINDOWS\System32\OLEAUT32.dll
0x00007ffa37630000 - 0x00007ffa37662000 	C:\WINDOWS\SYSTEM32\dbgcore.DLL
0x00007ffa40740000 - 0x00007ffa407ba000 	C:\WINDOWS\System32\bcryptPrimitives.dll
0x00007ffa30b90000 - 0x00007ffa30bb6000 	C:\Program Files\Java\jdk-20\bin\java.dll
0x00007ffa0cad0000 - 0x00007ffa0cba7000 	C:\Program Files\Java\jdk-20\bin\jsvml.dll
0x00007ffa41350000 - 0x00007ffa41b73000 	C:\WINDOWS\System32\SHELL32.dll
0x00007ffa3e5d0000 - 0x00007ffa3eeba000 	C:\WINDOWS\SYSTEM32\windows.storage.dll
0x00007ffa3e490000 - 0x00007ffa3e5ce000 	C:\WINDOWS\SYSTEM32\wintypes.dll
0x00007ffa42920000 - 0x00007ffa42a13000 	C:\WINDOWS\System32\SHCORE.dll
0x00007ffa41060000 - 0x00007ffa410be000 	C:\WINDOWS\System32\shlwapi.dll
0x00007ffa405b0000 - 0x00007ffa405d6000 	C:\WINDOWS\SYSTEM32\profapi.dll
0x00007ffa2edb0000 - 0x00007ffa2edc3000 	C:\Program Files\Java\jdk-20\bin\net.dll
0x00007ffa3a170000 - 0x00007ffa3a2a7000 	C:\WINDOWS\SYSTEM32\WINHTTP.dll
0x00007ffa3fc40000 - 0x00007ffa3fca9000 	C:\WINDOWS\system32\mswsock.dll
0x00007ffa21540000 - 0x00007ffa21556000 	C:\Program Files\Java\jdk-20\bin\nio.dll
0x00007ffa138f0000 - 0x00007ffa13908000 	C:\Program Files\Java\jdk-20\bin\zip.dll
0x00007ff9f5a20000 - 0x00007ff9f5bb1000 	C:\Program Files\Java\jdk-20\bin\awt.dll
0x00007ffa3d690000 - 0x00007ffa3d727000 	C:\WINDOWS\SYSTEM32\apphelp.dll
0x00007ffa3d790000 - 0x00007ffa3d83b000 	C:\WINDOWS\system32\uxtheme.dll
0x00007ffa41fc0000 - 0x00007ffa42109000 	C:\WINDOWS\System32\MSCTF.dll
0x00007ffa410c0000 - 0x00007ffa4125e000 	C:\WINDOWS\System32\ole32.dll
0x00007ffa3da10000 - 0x00007ffa3da3b000 	C:\WINDOWS\system32\DWMAPI.DLL
0x00007ff9f72d0000 - 0x00007ff9f7356000 	C:\Program Files\Java\jdk-20\bin\freetype.dll
0x00007ff9f5950000 - 0x00007ff9f5a16000 	C:\Program Files\Java\jdk-20\bin\fontmanager.dll
0x00007ff9f7010000 - 0x00007ff9f7110000 	C:\WINDOWS\system32\opengl32.dll
0x00007ffa12870000 - 0x00007ffa1289d000 	C:\WINDOWS\SYSTEM32\GLU32.dll
0x00007ffa3da80000 - 0x00007ffa3dab8000 	C:\WINDOWS\SYSTEM32\dxcore.dll
0x00007ffa2fa60000 - 0x00007ffa2fc09000 	C:\WINDOWS\system32\d3d9.dll
0x00007ffa354b0000 - 0x00007ffa35668000 	C:\WINDOWS\System32\DriverStore\FileRepository\u0382793.inf_amd64_1c9c9d36a5813460\B384051\aticfx64.dll
0x00007ffa28090000 - 0x00007ffa280c4000 	C:\WINDOWS\System32\DriverStore\FileRepository\u0382793.inf_amd64_1c9c9d36a5813460\B384051\atiu9p64.dll
0x00007ff9ab9e0000 - 0x00007ff9ac734000 	C:\WINDOWS\System32\DriverStore\FileRepository\u0382793.inf_amd64_1c9c9d36a5813460\B384051\atiumd64.dll
0x000000006d400000 - 0x000000006e274000 	C:\WINDOWS\System32\DriverStore\FileRepository\u0382793.inf_amd64_1c9c9d36a5813460\B384051\atiumd6a.dll
0x00007ffa42d30000 - 0x00007ffa431a4000 	C:\WINDOWS\System32\SETUPAPI.dll
0x00007ffa3f500000 - 0x00007ffa3f54d000 	C:\WINDOWS\SYSTEM32\POWRPROF.dll
0x00007ffa3f4e0000 - 0x00007ffa3f4f3000 	C:\WINDOWS\SYSTEM32\UMPDC.dll
0x00007ffa32ee0000 - 0x00007ffa32f10000 	C:\WINDOWS\SYSTEM32\amdihk64.dll
0x00007ffa39e80000 - 0x00007ffa39eca000 	C:\WINDOWS\SYSTEM32\directxdatabasehelper.dll
0x00007ffa42aa0000 - 0x00007ffa42b50000 	C:\WINDOWS\System32\clbcatq.dll
0x00007ffa3c0f0000 - 0x00007ffa3c2a0000 	C:\WINDOWS\SYSTEM32\WindowsCodecs.dll
0x00007ffa25b70000 - 0x00007ffa25bce000 	C:\WINDOWS\system32\dataexchange.dll
0x00007ffa36da0000 - 0x00007ffa37022000 	C:\WINDOWS\system32\twinapi.appcore.dll
0x00007ffa3f1c0000 - 0x00007ffa3f2b2000 	C:\WINDOWS\SYSTEM32\DNSAPI.dll
0x00007ffa3f190000 - 0x00007ffa3f1bd000 	C:\WINDOWS\SYSTEM32\IPHLPAPI.DLL
0x00007ffa41fb0000 - 0x00007ffa41fb9000 	C:\WINDOWS\System32\NSI.dll
0x00007ffa39240000 - 0x00007ffa3924a000 	C:\Windows\System32\rasadhlp.dll
0x00007ffa38900000 - 0x00007ffa38984000 	C:\WINDOWS\System32\fwpuclnt.dll
0x00007ffa30050000 - 0x00007ffa30057000 	C:\Program Files\Java\jdk-20\bin\extnet.dll
0x00007ffa2d610000 - 0x00007ffa2d754000 	C:\WINDOWS\SYSTEM32\textinputframework.dll
0x00007ffa3d3b0000 - 0x00007ffa3d4e3000 	C:\WINDOWS\SYSTEM32\CoreMessaging.dll
0x00007ffa38990000 - 0x00007ffa38cfc000 	C:\WINDOWS\SYSTEM32\CoreUIComponents.dll
0x00007ffa3feb0000 - 0x00007ffa3febc000 	C:\WINDOWS\SYSTEM32\CRYPTBASE.DLL
0x00007ffa302d0000 - 0x00007ffa302e0000 	C:\Program Files\Java\jdk-20\bin\verify.dll
0x00007ffa27be0000 - 0x00007ffa27c90000 	C:\WINDOWS\SYSTEM32\TextShaping.dll

dbghelp: loaded successfully - version: 4.0.5 - missing functions: none
symbol engine: initialized successfully - sym options: 0x614 - pdb path: .;C:\Program Files\Java\jdk-20\bin;C:\WINDOWS\SYSTEM32;C:\WINDOWS\WinSxS\amd64_microsoft.windows.common-controls_6595b64144ccf1df_6.0.22621.2215_none_270d72677387dfc3;C:\Program Files\Java\jdk-20\bin\server;C:\WINDOWS\System32\DriverStore\FileRepository\u0382793.inf_amd64_1c9c9d36a5813460\B384051

VM Arguments:
jvm_args: -Dfile.encoding=UTF-8 --module-path=C:\Users\Zai\NetBeansProjects\GymProject\build\classes 
java_command: Application.Member
java_class_path (initial): C:\Program Files\NetBeans-19\netbeans\java\modules\ext\AbsoluteLayout.jar;C:\LocalHost\commons-dbutils-1.5-sources.jar\commons-dbutils-1.5-sources.jar;C:\LocalHost\mysql-connector-j-8.0.33\mysql-connector-j-8.0.33.jar;C:\LocalHost\rs2xml\rs2xml.jar;C:\Users\Zai\Downloads\jcalendar-1.4\lib\jcalendar-1.4.jar;C:\Users\Zai\NetBeansProjects\GymProject\build\classes
Launcher Type: SUN_STANDARD

[Global flags]
     intx CICompilerCount                          = 12                                        {product} {ergonomic}
     uint ConcGCThreads                            = 3                                         {product} {ergonomic}
     uint G1ConcRefinementThreads                  = 13                                        {product} {ergonomic}
   size_t G1HeapRegionSize                         = 2097152                                   {product} {ergonomic}
    uintx GCDrainStackTargetSize                   = 64                                        {product} {ergonomic}
   size_t InitialHeapSize                          = 260046848                                 {product} {ergonomic}
   size_t MarkStackSize                            = 4194304                                   {product} {ergonomic}
   size_t MaxHeapSize                              = 4139778048                                {product} {ergonomic}
   size_t MaxNewSize                               = 2483027968                                {product} {ergonomic}
   size_t MinHeapDeltaBytes                        = 2097152                                   {product} {ergonomic}
   size_t MinHeapSize                              = 8388608                                   {product} {ergonomic}
    uintx NonNMethodCodeHeapSize                   = 7602480                                {pd product} {ergonomic}
    uintx NonProfiledCodeHeapSize                  = 122027880                              {pd product} {ergonomic}
    uintx ProfiledCodeHeapSize                     = 122027880                              {pd product} {ergonomic}
    uintx ReservedCodeCacheSize                    = 251658240                              {pd product} {ergonomic}
     bool SegmentedCodeCache                       = true                                      {product} {ergonomic}
   size_t SoftMaxHeapSize                          = 4139778048                             {manageable} {ergonomic}
     bool UseCompressedClassPointers               = true                           {product lp64_product} {ergonomic}
     bool UseCompressedOops                        = true                           {product lp64_product} {ergonomic}
     bool UseG1GC                                  = true                                      {product} {ergonomic}
     bool UseLargePagesIndividualAllocation        = false                                  {pd product} {ergonomic}

Logging:
Log output configuration:
 #0: stdout all=warning uptime,level,tags foldmultilines=false
 #1: stderr all=off uptime,level,tags foldmultilines=false

Environment Variables:
PATH=C:\Program Files\Common Files\Oracle\Java\javapath;C:\WINDOWS\system32;C:\WINDOWS;C:\WINDOWS\System32\Wbem;C:\WINDOWS\System32\WindowsPowerShell\v1.0\;C:\WINDOWS\System32\OpenSSH\;C:\Program Files\Java\jre-1.8\bin;C:\Program Files\dotnet\;C:\Program Files\MySQL\MySQL Shell 8.0\bin\;C:\Users\Zai\AppData\Local\Microsoft\WindowsApps;C:\Users\Zai\AppData\Local\Programs\Microsoft VS Code\bin;C:\Program Files\JetBrains\IntelliJ IDEA Community Edition 2023.1.2\bin;;C:\Program Files\Java\jre-1.8\bin
USERNAME=Zai
OS=Windows_NT
PROCESSOR_IDENTIFIER=AMD64 Family 23 Model 96 Stepping 1, AuthenticAMD
TMP=C:\Users\Zai\AppData\Local\Temp
TEMP=C:\Users\Zai\AppData\Local\Temp




---------------  S Y S T E M  ---------------

OS:
 Windows 11 , 64 bit Build 22621 (10.0.22621.2215)
OS uptime: 13 days 3:36 hours
Hyper-V role detected

CPU: total 16 (initial active 16) (16 cores per cpu, 2 threads per core) family 23 model 96 stepping 1 microcode 0x0, cx8, cmov, fxsr, ht, mmx, 3dnowpref, sse, sse2, sse3, ssse3, sse4a, sse4.1, sse4.2, popcnt, lzcnt, tsc, tscinvbit, avx, avx2, aes, clmul, bmi1, bmi2, adx, sha, fma, vzeroupper, clflush, clflushopt, hv, rdtscp, rdpid, f16c

Memory: 4k page, system-wide physical 15791M (517M free)
TotalPageFile size 64943M (AvailPageFile size 0M)
current process WorkingSet (physical memory assigned to process): 128M, peak: 227M
current process commit charge ("private bytes"): 447M, peak: 560M

vm_info: Java HotSpot(TM) 64-Bit Server VM (20.0.1+9-29) for windows-amd64 JRE (20.0.1+9-29), built on 2023-03-07T13:56:11Z by "mach5one" with MS VC++ 17.1 (VS2022)

END.
